<?xml version="1.0" encoding="UTF-8"?>
<!-- Generated by org.testng.reporters.JUnitReportReporter -->
<testsuite hostname="DESKTOP-KR47B8N" failures="0" tests="4" name="api.test.BookingTest" time="7.676" errors="0" timestamp="2025-06-22T16:26:19 IST" skipped="0">
  <testcase classname="api.test.BookingTest" name="testPostBooking" time="2.261"/>
  <testcase classname="api.test.BookingTest" name="testGetBooking" time="1.979"/>
  <testcase classname="api.test.BookingTest" name="testUpdateBooking" time="1.991"/>
  <testcase classname="api.test.BookingTest" name="testDeleteBooking" time="1.445"/>
</testsuite> <!-- api.test.BookingTest -->
